<?xml version="1.0" encoding="UTF-8"?>
<!-- Generated by org.testng.reporters.JUnitXMLReporter -->
<testsuite hostname="SGGS" ignored="0" name="Add Customer Test" tests="4" failures="0" timestamp="23 May 2020 03:04:52 GMT" time="13.16" errors="0">
  <testcase name="addCustomerTest" time="4.447" classname="testcases.AddCustomerTest"/>
  <testcase name="addCustomerTest" time="4.287" classname="testcases.AddCustomerTest"/>
  <testcase name="addCustomerTest" time="0.0" classname="testcases.AddCustomerTest">
    <skipped/>
  </testcase> <!-- addCustomerTest -->
  <testcase name="addCustomerTest" time="4.297" classname="testcases.AddCustomerTest"/>
</testsuite> <!-- Add Customer Test -->
