<?xml version="1.0" encoding="UTF-8"?>
<testng-results skipped="0" failed="0" ignored="0" total="2" passed="2">
  <reporter-output>
    <line>
      <![CDATA[Login is succesfull]]>
    </line>
    <line>
      <![CDATA[Customer added successfully with customer id :6]]>
    </line>
  </reporter-output>
  <suite name="Data Driven Basics" duration-ms="2789" started-at="2020-05-10T07:14:58Z" finished-at="2020-05-10T07:15:01Z">
    <groups>
    </groups>
    <test name="Login Test" duration-ms="2406" started-at="2020-05-10T07:14:58Z" finished-at="2020-05-10T07:15:01Z">
      <class name="testcases.BMLoginTest">
        <test-method status="PASS" signature="loginAsBankManager()[pri:0, instance:testcases.BMLoginTest@13f17eb4]" name="loginAsBankManager" duration-ms="2257" started-at="2020-05-10T07:14:58Z" finished-at="2020-05-10T07:15:01Z">
          <reporter-output>
            <line>
              <![CDATA[Login is succesfull]]>
            </line>
          </reporter-output>
        </test-method> <!-- loginAsBankManager -->
      </class> <!-- testcases.BMLoginTest -->
    </test> <!-- Login Test -->
    <test name="Add Customer Test" duration-ms="373" started-at="2020-05-10T07:15:01Z" finished-at="2020-05-10T07:15:01Z">
      <class name="testcases.AddCustomerTest">
        <test-method status="PASS" signature="setUp()[pri:0, instance:testcases.AddCustomerTest@655f7ea]" name="setUp" is-config="true" duration-ms="4512" started-at="2020-05-10T07:14:54Z" finished-at="2020-05-10T07:14:58Z">
          <reporter-output>
          </reporter-output>
        </test-method> <!-- setUp -->
        <test-method status="PASS" signature="AddCustomer(java.lang.String, java.lang.String, java.lang.String, java.lang.String)[pri:0, instance:testcases.AddCustomerTest@655f7ea]" name="AddCustomer" duration-ms="341" started-at="2020-05-10T07:15:01Z" data-provider="getData" finished-at="2020-05-10T07:15:01Z">
          <params>
            <param index="0">
              <value>
                <![CDATA[Raman]]>
              </value>
            </param>
            <param index="1">
              <value>
                <![CDATA[Arora]]>
              </value>
            </param>
            <param index="2">
              <value>
                <![CDATA[A234wd]]>
              </value>
            </param>
            <param index="3">
              <value>
                <![CDATA[Customer added successfully]]>
              </value>
            </param>
          </params>
          <reporter-output>
            <line>
              <![CDATA[Customer added successfully with customer id :6]]>
            </line>
          </reporter-output>
        </test-method> <!-- AddCustomer -->
        <test-method status="PASS" signature="tearDown()[pri:0, instance:testcases.AddCustomerTest@655f7ea]" name="tearDown" is-config="true" duration-ms="596" started-at="2020-05-10T07:15:01Z" finished-at="2020-05-10T07:15:02Z">
          <reporter-output>
          </reporter-output>
        </test-method> <!-- tearDown -->
      </class> <!-- testcases.AddCustomerTest -->
    </test> <!-- Add Customer Test -->
  </suite> <!-- Data Driven Basics -->
</testng-results>
